\BOOKMARK [1][-]{section.1}{\376\377\000P\000r\000e\000r\000e\000q\000u\000i\000s\000i\000t\000e\000s}{}% 1
\BOOKMARK [2][-]{subsection.1.1}{\376\377\000A\000W\000S\000\040\000A\000c\000c\000o\000u\000n\000t\000\040\000S\000e\000t\000u\000p}{section.1}% 2
\BOOKMARK [2][-]{subsection.1.2}{\376\377\000G\000e\000n\000e\000r\000a\000l\000\040\000W\000i\000n\000d\000o\000w\000s\000\040\000S\000e\000r\000v\000e\000r\000\040\000L\000a\000u\000n\000c\000h\000\040\000S\000t\000e\000p\000s}{section.1}% 3
\BOOKMARK [1][-]{section.2}{\376\377\000F\000i\000l\000e\000\040\000S\000e\000r\000v\000e\000r}{}% 4
\BOOKMARK [2][-]{subsection.2.1}{\376\377\000A\000W\000S\000\040\000C\000o\000n\000f\000i\000g\000u\000r\000a\000t\000i\000o\000n}{section.2}% 5
\BOOKMARK [2][-]{subsection.2.2}{\376\377\000I\000m\000p\000l\000e\000m\000e\000n\000t\000a\000t\000i\000o\000n\000\040\000S\000t\000e\000p\000s}{section.2}% 6
\BOOKMARK [2][-]{subsection.2.3}{\376\377\000B\000e\000s\000t\000\040\000P\000r\000a\000c\000t\000i\000c\000e\000s}{section.2}% 7
\BOOKMARK [1][-]{section.3}{\376\377\000P\000r\000o\000x\000y\000\040\000S\000e\000r\000v\000e\000r\000\040\000\050\000C\000a\000c\000h\000i\000n\000g\000,\000\040\000C\000o\000n\000t\000r\000o\000l\000\040\000A\000c\000c\000e\000s\000s\000\051}{}% 8
\BOOKMARK [2][-]{subsection.3.1}{\376\377\000A\000W\000S\000\040\000C\000o\000n\000f\000i\000g\000u\000r\000a\000t\000i\000o\000n}{section.3}% 9
\BOOKMARK [2][-]{subsection.3.2}{\376\377\000I\000m\000p\000l\000e\000m\000e\000n\000t\000a\000t\000i\000o\000n\000\040\000S\000t\000e\000p\000s}{section.3}% 10
\BOOKMARK [1][-]{section.4}{\376\377\000D\000N\000S\000\040\000S\000e\000r\000v\000e\000r}{}% 11
\BOOKMARK [2][-]{subsection.4.1}{\376\377\000A\000W\000S\000\040\000C\000o\000n\000f\000i\000g\000u\000r\000a\000t\000i\000o\000n}{section.4}% 12
\BOOKMARK [2][-]{subsection.4.2}{\376\377\000I\000m\000p\000l\000e\000m\000e\000n\000t\000a\000t\000i\000o\000n\000\040\000S\000t\000e\000p\000s}{section.4}% 13
\BOOKMARK [1][-]{section.5}{\376\377\000D\000H\000C\000P\000\040\000S\000e\000r\000v\000e\000r}{}% 14
\BOOKMARK [2][-]{subsection.5.1}{\376\377\000A\000W\000S\000\040\000C\000o\000n\000f\000i\000g\000u\000r\000a\000t\000i\000o\000n}{section.5}% 15
\BOOKMARK [2][-]{subsection.5.2}{\376\377\000I\000m\000p\000l\000e\000m\000e\000n\000t\000a\000t\000i\000o\000n\000\040\000S\000t\000e\000p\000s}{section.5}% 16
\BOOKMARK [1][-]{section.6}{\376\377\000V\000P\000N\000\040\000S\000e\000r\000v\000e\000r}{}% 17
\BOOKMARK [2][-]{subsection.6.1}{\376\377\000A\000W\000S\000\040\000C\000o\000n\000f\000i\000g\000u\000r\000a\000t\000i\000o\000n}{section.6}% 18
\BOOKMARK [2][-]{subsection.6.2}{\376\377\000I\000m\000p\000l\000e\000m\000e\000n\000t\000a\000t\000i\000o\000n\000\040\000S\000t\000e\000p\000s}{section.6}% 19
\BOOKMARK [1][-]{section.7}{\376\377\000T\000e\000r\000m\000i\000n\000a\000l\000\040\000S\000e\000r\000v\000e\000r\000\040\000\050\000T\000h\000i\000n\000\040\000C\000l\000i\000e\000n\000t\000s\000\051}{}% 20
\BOOKMARK [2][-]{subsection.7.1}{\376\377\000A\000W\000S\000\040\000C\000o\000n\000f\000i\000g\000u\000r\000a\000t\000i\000o\000n}{section.7}% 21
\BOOKMARK [2][-]{subsection.7.2}{\376\377\000I\000m\000p\000l\000e\000m\000e\000n\000t\000a\000t\000i\000o\000n\000\040\000S\000t\000e\000p\000s}{section.7}% 22
\BOOKMARK [1][-]{section.8}{\376\377\000W\000e\000b\000\040\000S\000e\000r\000v\000e\000r}{}% 23
\BOOKMARK [2][-]{subsection.8.1}{\376\377\000A\000W\000S\000\040\000C\000o\000n\000f\000i\000g\000u\000r\000a\000t\000i\000o\000n}{section.8}% 24
\BOOKMARK [2][-]{subsection.8.2}{\376\377\000I\000m\000p\000l\000e\000m\000e\000n\000t\000a\000t\000i\000o\000n\000\040\000S\000t\000e\000p\000s}{section.8}% 25
\BOOKMARK [1][-]{section.9}{\376\377\000M\000a\000i\000l\000\040\000S\000e\000r\000v\000e\000r}{}% 26
\BOOKMARK [2][-]{subsection.9.1}{\376\377\000A\000W\000S\000\040\000C\000o\000n\000f\000i\000g\000u\000r\000a\000t\000i\000o\000n}{section.9}% 27
\BOOKMARK [1][-]{section.10}{\376\377\000D\000a\000t\000a\000b\000a\000s\000e\000\040\000S\000e\000r\000v\000e\000r}{}% 28
\BOOKMARK [2][-]{subsection.10.1}{\376\377\000A\000W\000S\000\040\000C\000o\000n\000f\000i\000g\000u\000r\000a\000t\000i\000o\000n}{section.10}% 29
\BOOKMARK [2][-]{subsection.10.2}{\376\377\000I\000m\000p\000l\000e\000m\000e\000n\000t\000a\000t\000i\000o\000n\000\040\000S\000t\000e\000p\000s}{section.10}% 30
\BOOKMARK [1][-]{section.11}{\376\377\000B\000a\000c\000k\000u\000p\000\040\000S\000e\000r\000v\000e\000r}{}% 31
\BOOKMARK [2][-]{subsection.11.1}{\376\377\000A\000W\000S\000\040\000C\000o\000n\000f\000i\000g\000u\000r\000a\000t\000i\000o\000n}{section.11}% 32
\BOOKMARK [2][-]{subsection.11.2}{\376\377\000I\000m\000p\000l\000e\000m\000e\000n\000t\000a\000t\000i\000o\000n\000\040\000S\000t\000e\000p\000s}{section.11}% 33
\BOOKMARK [1][-]{section.12}{\376\377\000L\000o\000a\000d\000\040\000B\000a\000l\000a\000n\000c\000i\000n\000g}{}% 34
\BOOKMARK [2][-]{subsection.12.1}{\376\377\000I\000m\000p\000l\000e\000m\000e\000n\000t\000a\000t\000i\000o\000n\000\040\000S\000t\000e\000p\000s}{section.12}% 35
\BOOKMARK [1][-]{section.13}{\376\377\000F\000a\000i\000l\000o\000v\000e\000r\000\040\000C\000l\000u\000s\000t\000e\000r}{}% 36
\BOOKMARK [2][-]{subsection.13.1}{\376\377\000A\000W\000S\000\040\000C\000o\000n\000f\000i\000g\000u\000r\000a\000t\000i\000o\000n}{section.13}% 37
\BOOKMARK [2][-]{subsection.13.2}{\376\377\000I\000m\000p\000l\000e\000m\000e\000n\000t\000a\000t\000i\000o\000n\000\040\000S\000t\000e\000p\000s}{section.13}% 38
\BOOKMARK [1][-]{section.14}{\376\377\000F\000T\000P\000\040\000S\000e\000r\000v\000e\000r}{}% 39
\BOOKMARK [2][-]{subsection.14.1}{\376\377\000A\000W\000S\000\040\000C\000o\000n\000f\000i\000g\000u\000r\000a\000t\000i\000o\000n}{section.14}% 40
\BOOKMARK [2][-]{subsection.14.2}{\376\377\000I\000m\000p\000l\000e\000m\000e\000n\000t\000a\000t\000i\000o\000n\000\040\000S\000t\000e\000p\000s}{section.14}% 41
\BOOKMARK [1][-]{section.15}{\376\377\000C\000o\000n\000t\000a\000i\000n\000e\000r\000\040\000\050\000D\000o\000c\000k\000e\000r\000\051}{}% 42
\BOOKMARK [2][-]{subsection.15.1}{\376\377\000A\000W\000S\000\040\000C\000o\000n\000f\000i\000g\000u\000r\000a\000t\000i\000o\000n}{section.15}% 43
\BOOKMARK [2][-]{subsection.15.2}{\376\377\000I\000m\000p\000l\000e\000m\000e\000n\000t\000a\000t\000i\000o\000n\000\040\000S\000t\000e\000p\000s}{section.15}% 44
\BOOKMARK [1][-]{section.16}{\376\377\000D\000o\000m\000a\000i\000n\000\040\000C\000o\000n\000t\000r\000o\000l\000l\000e\000r}{}% 45
\BOOKMARK [2][-]{subsection.16.1}{\376\377\000A\000W\000S\000\040\000C\000o\000n\000f\000i\000g\000u\000r\000a\000t\000i\000o\000n}{section.16}% 46
\BOOKMARK [2][-]{subsection.16.2}{\376\377\000I\000m\000p\000l\000e\000m\000e\000n\000t\000a\000t\000i\000o\000n\000\040\000S\000t\000e\000p\000s}{section.16}% 47
\BOOKMARK [2][-]{subsection.16.3}{\376\377\000S\000e\000c\000u\000r\000i\000t\000y\000\040\000B\000e\000s\000t\000\040\000P\000r\000a\000c\000t\000i\000c\000e\000s}{section.16}% 48
